<?xml version="1.0" encoding="UTF-8"?>
<!-- Generated by org.testng.reporters.JUnitReportReporter -->
<testsuite skipped="0" hostname="Sohils-MacBook-Pro.local" name="practice.ExcelDemo" tests="1" failures="0" timestamp="2020-01-25T00:04:25 EST" time="0.537" errors="0">
  <testcase name="maindata" time="0.537" classname="practice.ExcelDemo"/>
</testsuite> <!-- practice.ExcelDemo -->
