<?xml version="1.0" encoding="UTF-8"?>
<!-- Generated by org.testng.reporters.JUnitReportReporter -->
<testsuite skipped="0" hostname="Sohils-MacBook-Pro.local" name="practice.ExcelDemoTest" tests="1" failures="0" timestamp="2020-01-25T00:11:03 EST" time="0.502" errors="0">
  <testcase name="maindata" time="0.502" classname="practice.ExcelDemoTest"/>
</testsuite> <!-- practice.ExcelDemoTest -->
